<?xml version="1.0" encoding="UTF-8"?>
<testsuite name="Cucumber" time="12.237" tests="2" skipped="0" failures="2" errors="0">
<testcase classname="validate Login Functionality for labs application" name="check the login functionality for valid data" time="7.503">
<failure type="java.lang.NullPointerException" message="Cannot invoke &quot;org.openqa.selenium.SearchContext.findElement(org.openqa.selenium.By)&quot; because &quot;this.searchContext&quot; is null">
<![CDATA[java.lang.NullPointerException: Cannot invoke "org.openqa.selenium.SearchContext.findElement(org.openqa.selenium.By)" because "this.searchContext" is null
	at org.openqa.selenium.support.pagefactory.DefaultElementLocator.findElement(DefaultElementLocator.java:68)
	at org.openqa.selenium.support.pagefactory.internal.LocatingElementHandler.invoke(LocatingElementHandler.java:38)
	at jdk.proxy2/jdk.proxy2.$Proxy25.sendKeys(Unknown Source)
	at pageFactory.LoginFactory.swaglog(LoginFactory.java:62)
	at StepDefinition.LoginTest.user_enter_uname_password(LoginTest.java:35)
	at ✽.user enter uname & password(file:///C:/Users/NTHERE/eclipse-workspace/snapdealapp/src/test/java/Feature/Login.feature:8)
]]>
</failure>
<system-out><![CDATA[
Given user is on the login page of swag lab.................................passed
When user enter uname & password............................................failed
And user clicks on login button.............................................skipped
Then Login should be successful.............................................skipped
]]></system-out>
</testcase>
<testcase classname="validate Login Functionality for labs application" name="check the login functionality for invalid data" time="4.278">
<failure type="java.lang.NullPointerException" message="Cannot invoke &quot;org.openqa.selenium.SearchContext.findElement(org.openqa.selenium.By)&quot; because &quot;this.searchContext&quot; is null">
<![CDATA[java.lang.NullPointerException: Cannot invoke "org.openqa.selenium.SearchContext.findElement(org.openqa.selenium.By)" because "this.searchContext" is null
	at org.openqa.selenium.support.pagefactory.DefaultElementLocator.findElement(DefaultElementLocator.java:68)
	at org.openqa.selenium.support.pagefactory.internal.LocatingElementHandler.invoke(LocatingElementHandler.java:38)
	at jdk.proxy2/jdk.proxy2.$Proxy25.sendKeys(Unknown Source)
	at pageFactory.LoginFactory.swaglog(LoginFactory.java:62)
	at StepDefinition.LoginTest.user_enter_invalid_uname_password(LoginTest.java:53)
	at ✽.user enter invalid uname & password(file:///C:/Users/NTHERE/eclipse-workspace/snapdealapp/src/test/java/Feature/Login.feature:14)
]]>
</failure>
<system-out><![CDATA[
Given user is on the login page of swag lab.................................passed
When user enter invalid uname & password....................................failed
And user clicks on login button.............................................skipped
Then error msg should be displayed..........................................skipped
]]></system-out>
</testcase>
</testsuite>
