[{"line":2,"elements":[{"line":4,"name":"","description":"","type":"background","keyword":"Background","steps":[{"result":{"duration":37291505700,"status":"passed"},"line":5,"name":"user should be on the login icon","match":{"location":"Apollo.StepDef.LoginTest.user_should_be_on_the_login_icon()"},"keyword":"Given "}]},{"start_timestamp":"2024-04-26T03:54:52.913Z","line":17,"name":"check the login functionality for valid data","description":"","id":"validate-login-functionality-for-apollo-24/7-application;check-the-login-functionality-for-valid-data;;2","type":"scenario","keyword":"Scenario Outline","steps":[{"result":{"duration":2166567700,"status":"passed"},"line":9,"name":"user enter <mobile_number> to login","match":{"arguments":[{"val":"<mobile_number>","offset":11}],"location":"Apollo.StepDef.LoginTest.user_enter_to_login(java.lang.String)"},"keyword":"When "},{"result":{"error_message":"org.openqa.selenium.NoSuchElementException: no such element: Unable to locate element: {\"method\":\"xpath\",\"selector\":\"//span[@class='icon-ic_arrow_forward']\"}\n  (Session info: MicrosoftEdge=124.0.2478.51)\nFor documentation on this error, please visit: https://www.selenium.dev/documentation/webdriver/troubleshooting/errors#no-such-element-exception\nBuild info: version: '4.11.0', revision: '040bc5406b'\nSystem info: os.name: 'Windows 11', os.arch: 'amd64', os.version: '10.0', java.version: '17.0.7'\nDriver info: org.openqa.selenium.edge.EdgeDriver\nCommand: [5f52119443dd65d644029f5d10807587, findElement {using=xpath, value=//span[@class='icon-ic_arrow_forward']}]\nCapabilities {acceptInsecureCerts: false, browserName: MicrosoftEdge, browserVersion: 124.0.2478.51, fedcm:accounts: true, ms:edgeOptions: {debuggerAddress: localhost:50058}, msedge: {msedgedriverVersion: 123.0.2420.81 (8acdca46cf48..., userDataDir: C:\\WINDOWS\\SystemTemp\\scope...}, networkConnectionEnabled: false, pageLoadStrategy: normal, platformName: windows, proxy: Proxy(), se:cdp: ws://localhost:50058/devtoo..., se:cdpVersion: 124.0.2478.51, setWindowRect: true, strictFileInteractability: false, timeouts: {implicit: 0, pageLoad: 300000, script: 30000}, unhandledPromptBehavior: dismiss and notify, webauthn:extension:credBlob: true, webauthn:extension:largeBlob: true, webauthn:extension:minPinLength: true, webauthn:extension:prf: true, webauthn:virtualAuthenticators: true}\nSession ID: 5f52119443dd65d644029f5d10807587\r\n\tat java.base/jdk.internal.reflect.NativeConstructorAccessorImpl.newInstance0(Native Method)\r\n\tat java.base/jdk.internal.reflect.NativeConstructorAccessorImpl.newInstance(NativeConstructorAccessorImpl.java:77)\r\n\tat java.base/jdk.internal.reflect.DelegatingConstructorAccessorImpl.newInstance(DelegatingConstructorAccessorImpl.java:45)\r\n\tat java.base/java.lang.reflect.Constructor.newInstanceWithCaller(Constructor.java:499)\r\n\tat java.base/java.lang.reflect.Constructor.newInstance(Constructor.java:480)\r\n\tat org.openqa.selenium.remote.codec.w3c.W3CHttpResponseCodec.createException(W3CHttpResponseCodec.java:200)\r\n\tat org.openqa.selenium.remote.codec.w3c.W3CHttpResponseCodec.decode(W3CHttpResponseCodec.java:133)\r\n\tat org.openqa.selenium.remote.codec.w3c.W3CHttpResponseCodec.decode(W3CHttpResponseCodec.java:52)\r\n\tat org.openqa.selenium.remote.HttpCommandExecutor.execute(HttpCommandExecutor.java:191)\r\n\tat org.openqa.selenium.remote.service.DriverCommandExecutor.invokeExecute(DriverCommandExecutor.java:196)\r\n\tat org.openqa.selenium.remote.service.DriverCommandExecutor.execute(DriverCommandExecutor.java:171)\r\n\tat org.openqa.selenium.remote.RemoteWebDriver.execute(RemoteWebDriver.java:518)\r\n\tat org.openqa.selenium.remote.ElementLocation$ElementFinder$2.findElement(ElementLocation.java:165)\r\n\tat org.openqa.selenium.remote.ElementLocation.findElement(ElementLocation.java:59)\r\n\tat org.openqa.selenium.remote.RemoteWebDriver.findElement(RemoteWebDriver.java:355)\r\n\tat org.openqa.selenium.remote.RemoteWebDriver.findElement(RemoteWebDriver.java:349)\r\n\tat org.openqa.selenium.support.pagefactory.DefaultElementLocator.findElement(DefaultElementLocator.java:68)\r\n\tat org.openqa.selenium.support.pagefactory.internal.LocatingElementHandler.invoke(LocatingElementHandler.java:38)\r\n\tat jdk.proxy2/jdk.proxy2.$Proxy31.click(Unknown Source)\r\n\tat Apollo.Pages.LoginFactory.clickLogButton(LoginFactory.java:70)\r\n\tat Apollo.StepDef.LoginTest.user_click_on_login_button(LoginTest.java:43)\r\n\tat ✽.user click on login button(file:///C:/Users/NTHERE/eclipse-workspace/Apollo247/src/test/java/Apollo/Feature/login.feature:10)\r\n","duration":55009000,"status":"failed"},"line":10,"name":"user click on login button","match":{"location":"Apollo.StepDef.LoginTest.user_click_on_login_button()"},"keyword":"And "},{"result":{"duration":1001000,"status":"skipped"},"line":11,"name":"user enter the otp","match":{"location":"Apollo.StepDef.LoginTest.user_enter_the_otp()"},"keyword":"And "},{"result":{"duration":791400,"status":"skipped"},"line":12,"name":"user click on login button1","match":{"location":"Apollo.StepDef.LoginTest.user_click_on_login_button1()"},"keyword":"And "},{"result":{"duration":2003600,"status":"skipped"},"line":13,"name":"login should be successful","match":{"location":"Apollo.StepDef.LoginTest.login_should_be_successful()"},"keyword":"Then "}],"tags":[{"name":"@login"},{"name":"@log1"}]},{"line":4,"name":"","description":"","type":"background","keyword":"Background","steps":[{"result":{"duration":30137246200,"status":"passed"},"line":5,"name":"user should be on the login icon","match":{"location":"Apollo.StepDef.LoginTest.user_should_be_on_the_login_icon()"},"keyword":"Given "}]},{"start_timestamp":"2024-04-26T03:55:32.700Z","line":21,"name":"check the login functionality for invalid data","description":"","id":"validate-login-functionality-for-apollo-24/7-application;check-the-login-functionality-for-invalid-data","type":"scenario","keyword":"Scenario","steps":[{"result":{"duration":2163464500,"status":"passed"},"line":22,"name":"user enter <mobile_no> to login1","match":{"location":"Apollo.StepDef.LoginTest.user_enter_mobile_no_to_login1(io.cucumber.datatable.DataTable)"},"rows":[{"cells":["9075850736"]}],"keyword":"When "},{"result":{"error_message":"org.openqa.selenium.NoSuchElementException: no such element: Unable to locate element: {\"method\":\"xpath\",\"selector\":\"//span[@class='icon-ic_arrow_forward']\"}\n  (Session info: MicrosoftEdge=124.0.2478.51)\nFor documentation on this error, please visit: https://www.selenium.dev/documentation/webdriver/troubleshooting/errors#no-such-element-exception\nBuild info: version: '4.11.0', revision: '040bc5406b'\nSystem info: os.name: 'Windows 11', os.arch: 'amd64', os.version: '10.0', java.version: '17.0.7'\nDriver info: org.openqa.selenium.edge.EdgeDriver\nCommand: [ad1cf4ecef1705a779e8e7ea39918db8, findElement {using=xpath, value=//span[@class='icon-ic_arrow_forward']}]\nCapabilities {acceptInsecureCerts: false, browserName: MicrosoftEdge, browserVersion: 124.0.2478.51, fedcm:accounts: true, ms:edgeOptions: {debuggerAddress: localhost:50365}, msedge: {msedgedriverVersion: 123.0.2420.81 (8acdca46cf48..., userDataDir: C:\\WINDOWS\\SystemTemp\\scope...}, networkConnectionEnabled: false, pageLoadStrategy: normal, platformName: windows, proxy: Proxy(), se:cdp: ws://localhost:50365/devtoo..., se:cdpVersion: 124.0.2478.51, setWindowRect: true, strictFileInteractability: false, timeouts: {implicit: 0, pageLoad: 300000, script: 30000}, unhandledPromptBehavior: dismiss and notify, webauthn:extension:credBlob: true, webauthn:extension:largeBlob: true, webauthn:extension:minPinLength: true, webauthn:extension:prf: true, webauthn:virtualAuthenticators: true}\nSession ID: ad1cf4ecef1705a779e8e7ea39918db8\r\n\tat java.base/jdk.internal.reflect.NativeConstructorAccessorImpl.newInstance0(Native Method)\r\n\tat java.base/jdk.internal.reflect.NativeConstructorAccessorImpl.newInstance(NativeConstructorAccessorImpl.java:77)\r\n\tat java.base/jdk.internal.reflect.DelegatingConstructorAccessorImpl.newInstance(DelegatingConstructorAccessorImpl.java:45)\r\n\tat java.base/java.lang.reflect.Constructor.newInstanceWithCaller(Constructor.java:499)\r\n\tat java.base/java.lang.reflect.Constructor.newInstance(Constructor.java:480)\r\n\tat org.openqa.selenium.remote.codec.w3c.W3CHttpResponseCodec.createException(W3CHttpResponseCodec.java:200)\r\n\tat org.openqa.selenium.remote.codec.w3c.W3CHttpResponseCodec.decode(W3CHttpResponseCodec.java:133)\r\n\tat org.openqa.selenium.remote.codec.w3c.W3CHttpResponseCodec.decode(W3CHttpResponseCodec.java:52)\r\n\tat org.openqa.selenium.remote.HttpCommandExecutor.execute(HttpCommandExecutor.java:191)\r\n\tat org.openqa.selenium.remote.service.DriverCommandExecutor.invokeExecute(DriverCommandExecutor.java:196)\r\n\tat org.openqa.selenium.remote.service.DriverCommandExecutor.execute(DriverCommandExecutor.java:171)\r\n\tat org.openqa.selenium.remote.RemoteWebDriver.execute(RemoteWebDriver.java:518)\r\n\tat org.openqa.selenium.remote.ElementLocation$ElementFinder$2.findElement(ElementLocation.java:165)\r\n\tat org.openqa.selenium.remote.ElementLocation.findElement(ElementLocation.java:59)\r\n\tat org.openqa.selenium.remote.RemoteWebDriver.findElement(RemoteWebDriver.java:355)\r\n\tat org.openqa.selenium.remote.RemoteWebDriver.findElement(RemoteWebDriver.java:349)\r\n\tat org.openqa.selenium.support.pagefactory.DefaultElementLocator.findElement(DefaultElementLocator.java:68)\r\n\tat org.openqa.selenium.support.pagefactory.internal.LocatingElementHandler.invoke(LocatingElementHandler.java:38)\r\n\tat jdk.proxy2/jdk.proxy2.$Proxy31.click(Unknown Source)\r\n\tat Apollo.Pages.LoginFactory.logButton(LoginFactory.java:93)\r\n\tat Apollo.StepDef.LoginTest.user_click_on_login_button2(LoginTest.java:95)\r\n\tat ✽.user click on login button2(file:///C:/Users/NTHERE/eclipse-workspace/Apollo247/src/test/java/Apollo/Feature/login.feature:24)\r\n","duration":38965500,"status":"failed"},"line":24,"name":"user click on login button2","match":{"location":"Apollo.StepDef.LoginTest.user_click_on_login_button2()"},"keyword":"And "},{"result":{"status":"skipped"},"line":25,"name":"user enter the invalid otp","match":{"location":"Apollo.StepDef.LoginTest.user_enter_the_invalid_otp()"},"keyword":"And "},{"result":{"status":"skipped"},"line":26,"name":"user click on login button3","match":{"location":"Apollo.StepDef.LoginTest.user_click_on_login_button3()"},"keyword":"And "},{"result":{"status":"skipped"},"line":27,"name":"error msg should be displayed","match":{"location":"Apollo.StepDef.LoginTest.error_msg_should_be_displayed()"},"keyword":"Then "}],"tags":[{"name":"@login"},{"name":"@log2"}]}],"name":"validate Login Functionality for Apollo 24/7 application","description":"","id":"validate-login-functionality-for-apollo-24/7-application","keyword":"Feature","uri":"file:src/test/java/Apollo/Feature/login.feature","tags":[{"name":"@login","type":"Tag","location":{"line":1,"column":1}}]}]